<?xml version="1.0" encoding="UTF-8"?>
<!-- Generated by org.testng.reporters.JUnitReportReporter -->
<testsuite skipped="0" hostname="Sudipas-MacBook-Pro.local" name="Coreyoo.Coreyoo_Project.SignUpTest" tests="1" failures="0" timestamp="2022-06-26T14:02:53 IST" time="9.994" errors="0">
  <testcase name="signUp" time="9.994" classname="Coreyoo.Coreyoo_Project.SignUpTest"/>
  <system-out/>
</testsuite> <!-- Coreyoo.Coreyoo_Project.SignUpTest -->
