<?xml version="1.0" encoding="UTF-8"?>
<!-- Generated by org.testng.reporters.JUnitReportReporter -->
<testsuite skipped="0" hostname="Sudipas-MacBook-Pro.local" name="Coreyoo.Coreyoo_Project.ParcelTest" tests="1" failures="0" timestamp="2022-06-26T14:08:10 IST" time="17.051" errors="0">
  <testcase name="selectParcel" time="17.051" classname="Coreyoo.Coreyoo_Project.ParcelTest"/>
  <system-out/>
</testsuite> <!-- Coreyoo.Coreyoo_Project.ParcelTest -->
