<?xml version="1.0" encoding="UTF-8"?>
<!-- Generated by org.testng.reporters.JUnitReportReporter -->
<testsuite skipped="0" hostname="Sudipas-MacBook-Pro.local" name="Coreyoo.Coreyoo_Project.LoginTest" tests="1" failures="0" timestamp="2022-06-26T14:03:52 IST" time="11.136" errors="0">
  <testcase name="login" time="11.136" classname="Coreyoo.Coreyoo_Project.LoginTest"/>
  <system-out/>
</testsuite> <!-- Coreyoo.Coreyoo_Project.LoginTest -->
