<?xml version="1.0" encoding="UTF-8"?>
<!-- Generated by org.testng.reporters.JUnitReportReporter -->
<testsuite skipped="0" hostname="Sudipas-MacBook-Pro.local" name="Coreyoo.Coreyoo_Project.DocumentTest" tests="1" failures="0" timestamp="2022-06-26T13:02:32 IST" time="12.274" errors="0">
  <testcase name="chooseProvider" time="12.274" classname="Coreyoo.Coreyoo_Project.DocumentTest"/>
  <system-out/>
</testsuite> <!-- Coreyoo.Coreyoo_Project.DocumentTest -->
